<?xml version="1.0" encoding="UTF-8"?>
<robot generator="Robot 6.0.2 (Python 3.11.0 on win32)" generated="20230401 19:38:55.388" rpa="false" schemaversion="3">
<suite id="s1" name="Tests" source="C:\Users\Anastasiya_Viktarovi\Documents\GitHub\Data-Quality-Engineering-Mentoring-Program-Intermediate-Level-9\RobotFramework_Hw\tests\tests.robot">
<test id="s1-t1" name="Connect to MS SQL Server using Pyodbc" line="11">
<kw name="Connect To Database" library="DatabaseLibrary">
<arg>pymssql</arg>
<arg>${DBName}</arg>
<arg>${DBUser}</arg>
<arg>${DBPass}</arg>
<arg>${DBHost}</arg>
<arg>${DBPort}</arg>
<doc>Loads the DB API 2.0 module given `dbapiModuleName` then uses it to
connect to the database using `dbName`, `dbUsername`, and `dbPassword`.</doc>
<msg timestamp="20230401 19:38:55.416" level="INFO">Connecting using : pymssql.connect(database=TRN, user=test_user, password=test_user, host=EPPLWARW01DC\SQLEXPRESS, port=1433) </msg>
<status status="PASS" starttime="20230401 19:38:55.409" endtime="20230401 19:38:55.503"/>
</kw>
<status status="PASS" starttime="20230401 19:38:55.408" endtime="20230401 19:38:55.503"/>
</test>
<doc>tests</doc>
<status status="PASS" starttime="20230401 19:38:55.389" endtime="20230401 19:38:55.504"/>
</suite>
<statistics>
<total>
<stat pass="1" fail="0" skip="0">All Tests</stat>
</total>
<tag>
</tag>
<suite>
<stat pass="1" fail="0" skip="0" id="s1" name="Tests">Tests</stat>
</suite>
</statistics>
<errors>
</errors>
</robot>
