<?xml version="1.0" encoding="UTF-8"?>
<robot generator="Robot 6.0.2 (Python 3.11.0 on win32)" generated="20230417 21:57:14.373" rpa="false" schemaversion="3">
<suite id="s1" name="Tests" source="C:\Users\Anastasiya_Viktarovi\Documents\GitHub\Data-Quality-Engineering-Mentoring-Program-Intermediate-Level-9\RobotFramework_HW\RF_Tests\tests\tests.robot">
<kw name="Connect To Database" library="DatabaseLibrary" type="SETUP">
<arg>pymssql</arg>
<arg>${DBName}</arg>
<arg>${DBUser}</arg>
<arg>${DBPass}</arg>
<arg>${DBHost}</arg>
<arg>${DBPort}</arg>
<doc>Loads the DB API 2.0 module given `dbapiModuleName` then uses it to
connect to the database using `dbName`, `dbUsername`, and `dbPassword`.</doc>
<msg timestamp="20230417 21:57:14.419" level="INFO">Connecting using : pymssql.connect(database=AdventureWorks2012, user=test_user, password=test_user, host=EPPLWARW01DC\SQLEXPRESS, port=1433) </msg>
<msg timestamp="20230417 21:57:14.447" level="FAIL">OperationalError: (20009, b'DB-Lib error message 20009, severity 9:\nUnable to connect: Adaptive Server is unavailable or does not exist (EPPLWARW01DC)\nDB-Lib error message 20009, severity 9:\nUnable to connect: Adaptive Server is unavailable or does not exist (EPPLWARW01DC)\n')</msg>
<status status="FAIL" starttime="20230417 21:57:14.397" endtime="20230417 21:57:14.448"/>
</kw>
<test id="s1-t1" name="Verify the count of records in [Person].[Address] table" line="10">
<doc>| *Setup*:
| 0.Connect To Database AdventureWorks2012 via pymsql
|
| *Test Steps*
| 0.Query row count for Table Person.Address
|
| *Expected result:*
| 0.Result is not empty
| 1.The value with the total number of records in the [Person].[Address] table is the same as expected</doc>
<tag>Table Person.Address</tag>
<status status="FAIL" starttime="20230417 21:57:14.448" endtime="20230417 21:57:14.449">Parent suite setup failed:
OperationalError: (20009, b'DB-Lib error message 20009, severity 9:\nUnable to connect: Adaptive Server is unavailable or does not exist (EPPLWARW01DC)\nDB-Lib error message 20009, severity 9:\nUnable to connect: Adaptive Server is unavailable or does not exist (EPPLWARW01DC)\n')</status>
</test>
<test id="s1-t2" name="Verify the number of unique cities in [Person].[Address] table" line="26">
<doc>| *Setup*:
| 0.Connect To Database AdventureWorks2012 via pymsql
|
| *Test Steps*
| 0.Query to calculate number of unique cities in [Person].[Address] table
|
| *Expected result:*
| 0.Result is not empty
| 1.The total number unique cities in the [Person].[Address] table is the same as expected</doc>
<tag>Table Person.Address</tag>
<status status="FAIL" starttime="20230417 21:57:14.450" endtime="20230417 21:57:14.450">Parent suite setup failed:
OperationalError: (20009, b'DB-Lib error message 20009, severity 9:\nUnable to connect: Adaptive Server is unavailable or does not exist (EPPLWARW01DC)\nDB-Lib error message 20009, severity 9:\nUnable to connect: Adaptive Server is unavailable or does not exist (EPPLWARW01DC)\n')</status>
</test>
<test id="s1-t3" name="Verify the average length of the documents in [Production].[Document] table" line="42">
<doc>| *Setup*:
| 0.Connect To Database AdventureWorks2012 via pymsql
|
| *Test Steps*
| 0.Query to calculate average length of the documents in [Production].[Document] table
|
| *Expected result:*
| 0.Result is not empty
| 1. Average value of length of [Document] in [Production].[Document] table is the same as expected</doc>
<tag>Table Production.Document</tag>
<status status="FAIL" starttime="20230417 21:57:14.451" endtime="20230417 21:57:14.451">Parent suite setup failed:
OperationalError: (20009, b'DB-Lib error message 20009, severity 9:\nUnable to connect: Adaptive Server is unavailable or does not exist (EPPLWARW01DC)\nDB-Lib error message 20009, severity 9:\nUnable to connect: Adaptive Server is unavailable or does not exist (EPPLWARW01DC)\n')</status>
</test>
<test id="s1-t4" name="Verify the possible values of [Status] attribute in [Production].[Document] table" line="58">
<doc>| *Setup*:
| 0.Connect To Database AdventureWorks2012 via pymsql
|
| *Test Steps*
| 0.Query to calculate count of rows with incorrect [Status].
|
| *Expected result:*
| 0.Result is not empty
| 1. Count of rows with incorrect [Status] is the same as expected: 0</doc>
<tag>Table Production.Document</tag>
<status status="FAIL" starttime="20230417 21:57:14.452" endtime="20230417 21:57:14.452">Parent suite setup failed:
OperationalError: (20009, b'DB-Lib error message 20009, severity 9:\nUnable to connect: Adaptive Server is unavailable or does not exist (EPPLWARW01DC)\nDB-Lib error message 20009, severity 9:\nUnable to connect: Adaptive Server is unavailable or does not exist (EPPLWARW01DC)\n')</status>
</test>
<test id="s1-t5" name="Verify the maximum value of the [ModifiedDate] column in [Production].[UnitMeasure] table" line="74">
<doc>| *Setup*:
| 0.Connect To Database AdventureWorks2012 via pymsql
|
| *Test Steps*
| 0.Query to calculate the maximum value of the [ModifiedDate] column in [Production].[UnitMeasure] table.
|
| *Expected result:*
| 0.Result is not empty
| 1. The maximum value of the [ModifiedDate] column in [Production].[UnitMeasure] table is the same as expected.</doc>
<tag>Table Production.UnitMeasure</tag>
<status status="FAIL" starttime="20230417 21:57:14.453" endtime="20230417 21:57:14.453">Parent suite setup failed:
OperationalError: (20009, b'DB-Lib error message 20009, severity 9:\nUnable to connect: Adaptive Server is unavailable or does not exist (EPPLWARW01DC)\nDB-Lib error message 20009, severity 9:\nUnable to connect: Adaptive Server is unavailable or does not exist (EPPLWARW01DC)\n')</status>
</test>
<test id="s1-t6" name="Verify the numbers of rows in [Production].[UnitMeasure] table with [UnitMeasureCode] with only one symbol" line="90">
<doc>| *Setup*:
| 0.Connect To Database AdventureWorks2012 via pymsql
|
| *Test Steps*
| 0.Query to calculate numbers of rows in [Production].[UnitMeasure] table with [UnitMeasureCode] with only one symbol.
|
| *Expected result:*
| 0.Result is not empty
| 1.Numbers of rows in [Production].[UnitMeasure] table with [UnitMeasureCode] with only one symbol is the same as expected.</doc>
<tag>Table Production.UnitMeasure</tag>
<status status="FAIL" starttime="20230417 21:57:14.454" endtime="20230417 21:57:14.454">Parent suite setup failed:
OperationalError: (20009, b'DB-Lib error message 20009, severity 9:\nUnable to connect: Adaptive Server is unavailable or does not exist (EPPLWARW01DC)\nDB-Lib error message 20009, severity 9:\nUnable to connect: Adaptive Server is unavailable or does not exist (EPPLWARW01DC)\n')</status>
</test>
<kw name="Disconnect From Database" library="DatabaseLibrary" type="TEARDOWN">
<doc>Disconnects from the database.</doc>
<msg timestamp="20230417 21:57:14.455" level="INFO">Executing : Disconnect From Database</msg>
<msg timestamp="20230417 21:57:14.455" level="FAIL">AttributeError: 'NoneType' object has no attribute 'close'</msg>
<status status="FAIL" starttime="20230417 21:57:14.455" endtime="20230417 21:57:14.456">AttributeError: 'NoneType' object has no attribute 'close'</status>
</kw>
<doc>Contains Test Cases from file TestCasesRF.xlsx</doc>
<status status="FAIL" starttime="20230417 21:57:14.375" endtime="20230417 21:57:14.456">Suite setup failed:
OperationalError: (20009, b'DB-Lib error message 20009, severity 9:\nUnable to connect: Adaptive Server is unavailable or does not exist (EPPLWARW01DC)\nDB-Lib error message 20009, severity 9:\nUnable to connect: Adaptive Server is unavailable or does not exist (EPPLWARW01DC)\n')

Also suite teardown failed:
AttributeError: 'NoneType' object has no attribute 'close'</status>
</suite>
<statistics>
<total>
<stat pass="0" fail="6" skip="0">All Tests</stat>
</total>
<tag>
<stat pass="0" fail="2" skip="0">Table Person.Address</stat>
<stat pass="0" fail="2" skip="0">Table Production.Document</stat>
<stat pass="0" fail="2" skip="0">Table Production.UnitMeasure</stat>
</tag>
<suite>
<stat pass="0" fail="6" skip="0" id="s1" name="Tests">Tests</stat>
</suite>
</statistics>
<errors>
</errors>
</robot>
